<?xml version="1.0" encoding="UTF-8"?>
<!-- Generated by org.testng.reporters.JUnitReportReporter -->
<testsuite hostname="LAPTOP-FSO08FDN" failures="0" tests="1" name="com.test.Addition" time="0.009" errors="0" timestamp="27 Jan 2024 16:54:12 GMT">
  <testcase classname="com.test.Addition" name="testAdd" time="0.009"/>
</testsuite> <!-- com.test.Addition -->
